"../../../Engine/Content/EditorResources/S_Actor.ubulk" 0
"../../../Engine/Content/EditorResources/S_Actor.uasset" 1
"../../../Engine/Content/EditorResources/S_Actor.uexp" 2
"../../../Engine/Content/EditorResources/S_BoxReflectionCapture.uasset" 3
"../../../Engine/Content/EditorResources/S_BoxReflectionCapture.uexp" 4
"../../../Engine/Content/EngineResources/DefaultTexture.ubulk" 5
"../../../Engine/Content/EngineResources/DefaultTexture.uasset" 6
"../../../Engine/Content/EngineResources/DefaultTexture.uexp" 7
"../../../Engine/Content/EngineResources/DefaultTextureCube.uasset" 8
"../../../Engine/Content/EngineResources/DefaultTextureCube.uexp" 9
"../../../Engine/Content/EngineResources/DefaultVolumeTexture2D.uasset" 10
"../../../Engine/Content/EngineResources/DefaultVolumeTexture2D.uexp" 11
"../../../Engine/Content/EngineResources/DefaultVolumeTexture.uasset" 12
"../../../Engine/Content/EngineResources/DefaultVolumeTexture.uexp" 13
"../../../Engine/Content/EditorResources/S_Trigger.ubulk" 14
"../../../Engine/Content/EditorResources/S_Trigger.uasset" 15
"../../../Engine/Content/EditorResources/S_Trigger.uexp" 16
"../../../Engine/Content/EditorResources/S_TriggerBox.uasset" 17
"../../../Engine/Content/EditorResources/S_TriggerBox.uexp" 18
"../../../Engine/Content/EditorResources/S_TriggerCapsule.uasset" 19
"../../../Engine/Content/EditorResources/S_TriggerCapsule.uexp" 20
"../../../Engine/Content/EditorResources/S_TriggerSphere.uasset" 21
"../../../Engine/Content/EditorResources/S_TriggerSphere.uexp" 22
"../../../Engine/Content/EngineMeshes/Sphere.uasset" 23
"../../../Engine/Content/EngineMeshes/Sphere.uexp" 24
"../../../Engine/Content/EngineResources/GradientTexture0.uasset" 25
"../../../Engine/Content/EngineResources/GradientTexture0.uexp" 26
"../../../Engine/Content/EngineResources/Black.uasset" 27
"../../../Engine/Content/EngineResources/Black.uexp" 28
"../../../Engine/Content/VREditor/LaserPointer/VR_LaserPower_01.ubulk" 29
"../../../Engine/Content/VREditor/LaserPointer/VR_LaserPower_01.uasset" 30
"../../../Engine/Content/VREditor/LaserPointer/VR_LaserPower_01.uexp" 31
"../../../Engine/Content/VREditor/TransformGizmo/TransformGizmoMaterial.uasset" 32
"../../../Engine/Content/VREditor/TransformGizmo/TransformGizmoMaterial.uexp" 33
"../../../Engine/Content/VREditor/TransformGizmo/TranslucentTransformGizmoMaterial.uasset" 34
"../../../Engine/Content/VREditor/TransformGizmo/TranslucentTransformGizmoMaterial.uexp" 35
"../../../Engine/Content/VREditor/TransformGizmo/PlaneTranslationHandle.uasset" 36
"../../../Engine/Content/VREditor/TransformGizmo/PlaneTranslationHandle.uexp" 37
"../../../Engine/Content/VREditor/TransformGizmo/BoundingBoxCorner.uasset" 38
"../../../Engine/Content/VREditor/TransformGizmo/BoundingBoxCorner.uexp" 39
"../../../Engine/Content/VREditor/TransformGizmo/BoundingBoxEdge.uasset" 40
"../../../Engine/Content/VREditor/TransformGizmo/BoundingBoxEdge.uexp" 41
"../../../Engine/Content/VREditor/TransformGizmo/Main.uasset" 42
"../../../Engine/Content/VREditor/TransformGizmo/Main.uexp" 43
"../../../Engine/Content/VREditor/TransformGizmo/Xray.uasset" 44
"../../../Engine/Content/VREditor/TransformGizmo/Xray.uexp" 45
"../../../Engine/Content/VREditor/TransformGizmo/SM_Sequencer_Node.uasset" 46
"../../../Engine/Content/VREditor/TransformGizmo/SM_Sequencer_Node.uexp" 47
"../../../Engine/Content/EditorMaterials/Camera/CineMat.uasset" 48
"../../../Engine/Content/EditorMaterials/Camera/CineMat.uexp" 49
"../../../Engine/Content/EditorMaterials/Camera/MI_CineMat_Rig.uasset" 50
"../../../Engine/Content/EditorMaterials/Camera/MI_CineMat_Rig.uexp" 51
"../../../Engine/Content/EditorMeshes/Camera/SM_CraneRig_Base.uasset" 52
"../../../Engine/Content/EditorMeshes/Camera/SM_CraneRig_Base.uexp" 53
"../../../Engine/Content/EditorMeshes/Camera/SM_CraneRig_Arm.uasset" 54
"../../../Engine/Content/EditorMeshes/Camera/SM_CraneRig_Arm.uexp" 55
"../../../Engine/Content/EditorMeshes/Camera/SM_CraneRig_Mount.uasset" 56
"../../../Engine/Content/EditorMeshes/Camera/SM_CraneRig_Mount.uexp" 57
"../../../Engine/Content/EditorMeshes/Camera/SM_CraneRig_Body.uasset" 58
"../../../Engine/Content/EditorMeshes/Camera/SM_CraneRig_Body.uexp" 59
"../../../Engine/Content/EditorMeshes/Camera/SM_RailRig_Track.uasset" 60
"../../../Engine/Content/EditorMeshes/Camera/SM_RailRig_Track.uexp" 61
"../../../Engine/Content/EditorMeshes/Camera/SM_RailRig_Mount.uasset" 62
"../../../Engine/Content/EditorMeshes/Camera/SM_RailRig_Mount.uexp" 63
"../../../Engine/Content/EngineMaterials/T_Default_Material_Grid_M.ubulk" 64
"../../../Engine/Content/EngineMaterials/T_Default_Material_Grid_M.uasset" 65
"../../../Engine/Content/EngineMaterials/T_Default_Material_Grid_M.uexp" 66
"../../../Engine/Content/EngineMaterials/T_Default_Material_Grid_N.ubulk" 67
"../../../Engine/Content/EngineMaterials/T_Default_Material_Grid_N.uasset" 68
"../../../Engine/Content/EngineMaterials/T_Default_Material_Grid_N.uexp" 69
"../../../Engine/Content/Functions/Engine_MaterialFunctions01/Opacity/CameraDepthFade.uasset" 70
"../../../Engine/Content/Functions/Engine_MaterialFunctions01/Opacity/CameraDepthFade.uexp" 71
"../../../Engine/Content/EngineMaterials/WorldGridMaterial.uasset" 72
"../../../Engine/Content/EngineMaterials/WorldGridMaterial.uexp" 73
"../../../Engine/Content/ArtTools/RenderToTexture/Meshes/S_1_Unit_Plane.uasset" 74
"../../../Engine/Content/ArtTools/RenderToTexture/Meshes/S_1_Unit_Plane.uexp" 75
"../../../Engine/Content/EditorMaterials/ParticleSystems/PSysThumbnail_NoImage.ubulk" 76
"../../../Engine/Content/EditorMaterials/ParticleSystems/PSysThumbnail_NoImage.uasset" 77
"../../../Engine/Content/EditorMaterials/ParticleSystems/PSysThumbnail_NoImage.uexp" 78
"../../../Engine/Content/EditorMaterials/ParticleSystems/PSysThumbnail_OOD.ubulk" 79
"../../../Engine/Content/EditorMaterials/ParticleSystems/PSysThumbnail_OOD.uasset" 80
"../../../Engine/Content/EditorMaterials/ParticleSystems/PSysThumbnail_OOD.uexp" 81
"../../../Engine/Content/EditorLandscapeResources/SplineEditorMeshMat.uasset" 82
"../../../Engine/Content/EditorLandscapeResources/SplineEditorMeshMat.uexp" 83
"../../../Engine/Content/EditorLandscapeResources/SplineEditorMesh.uasset" 84
"../../../Engine/Content/EditorLandscapeResources/SplineEditorMesh.uexp" 85
"../../../Engine/Content/EditorResources/S_Solver.ubulk" 86
"../../../Engine/Content/EditorResources/S_Solver.uasset" 87
"../../../Engine/Content/EditorResources/S_Solver.uexp" 88
"../../../Engine/Plugins/Media/MediaPlate/Content/SM_MediaPlateScreen.uasset" 89
"../../../Engine/Plugins/Media/MediaPlate/Content/SM_MediaPlateScreen.uexp" 90
"../../../Engine/Content/EngineMaterials/Good64x64TilingNoiseHighFreq.uasset" 91
"../../../Engine/Content/EngineMaterials/Good64x64TilingNoiseHighFreq.uexp" 92
"../../../Engine/Content/EngineMaterials/DefaultBokeh.uasset" 93
"../../../Engine/Content/EngineMaterials/DefaultBokeh.uexp" 94
"../../../Engine/Content/EngineMaterials/PreintegratedSkinBRDF.uasset" 95
"../../../Engine/Content/EngineMaterials/PreintegratedSkinBRDF.uexp" 96
"../../../Engine/Content/EngineMaterials/MiniFont.uasset" 97
"../../../Engine/Content/EngineMaterials/MiniFont.uexp" 98
"../../../Engine/Content/EngineMaterials/WeightMapPlaceholderTexture.uasset" 99
"../../../Engine/Content/EngineMaterials/WeightMapPlaceholderTexture.uexp" 100
"../../../Engine/Content/EngineMaterials/DefaultWhiteGrid.ubulk" 101
"../../../Engine/Content/EngineMaterials/DefaultWhiteGrid.uasset" 102
"../../../Engine/Content/EngineMaterials/DefaultWhiteGrid.uexp" 103
"Z:/toon-tanks/Toon Tanks/Content/PlayerController/BP_ToonTanksPlayerController.uasset" 104
"Z:/toon-tanks/Toon Tanks/Content/PlayerController/BP_ToonTanksPlayerController.uexp" 105
"Z:/toon-tanks/Toon Tanks/Content/Blueprints/Widgets/WBP_StartGameWidget.uasset" 106
"Z:/toon-tanks/Toon Tanks/Content/Blueprints/Widgets/WBP_StartGameWidget.uexp" 107
"Z:/toon-tanks/Toon Tanks/Content/Assets/Materials/M_ParticleBase.uasset" 108
"Z:/toon-tanks/Toon Tanks/Content/Assets/Materials/M_ParticleBase.uexp" 109
"Z:/toon-tanks/Toon Tanks/Content/Assets/Materials/M_Particle_Inst.uasset" 110
"Z:/toon-tanks/Toon Tanks/Content/Assets/Materials/M_Particle_Inst.uexp" 111
"Z:/toon-tanks/Toon Tanks/Content/Assets/Meshes/SM_Sphere.uasset" 112
"Z:/toon-tanks/Toon Tanks/Content/Assets/Meshes/SM_Sphere.uexp" 113
"Z:/toon-tanks/Toon Tanks/Content/Assets/Effects/P_ProjectileTrail.uasset" 114
"Z:/toon-tanks/Toon Tanks/Content/Assets/Effects/P_ProjectileTrail.uexp" 115
"Z:/toon-tanks/Toon Tanks/Content/Assets/Textures/T_ColourGrid.ubulk" 116
"Z:/toon-tanks/Toon Tanks/Content/Assets/Textures/T_ColourGrid.uasset" 117
"Z:/toon-tanks/Toon Tanks/Content/Assets/Textures/T_ColourGrid.uexp" 118
"Z:/toon-tanks/Toon Tanks/Content/Assets/Materials/M_TextureBase.uasset" 119
"Z:/toon-tanks/Toon Tanks/Content/Assets/Materials/M_TextureBase.uexp" 120
"Z:/toon-tanks/Toon Tanks/Content/Assets/Materials/M_Texture_Inst.uasset" 121
"Z:/toon-tanks/Toon Tanks/Content/Assets/Materials/M_Texture_Inst.uexp" 122
"Z:/toon-tanks/Toon Tanks/Content/Assets/Materials/M_EmissiveBase.uasset" 123
"Z:/toon-tanks/Toon Tanks/Content/Assets/Materials/M_EmissiveBase.uexp" 124
"Z:/toon-tanks/Toon Tanks/Content/Assets/Materials/M_EmissiveRed_Inst.uasset" 125
"Z:/toon-tanks/Toon Tanks/Content/Assets/Materials/M_EmissiveRed_Inst.uexp" 126
"Z:/toon-tanks/Toon Tanks/Content/Assets/Meshes/SM_Projectile.uasset" 127
"Z:/toon-tanks/Toon Tanks/Content/Assets/Meshes/SM_Projectile.uexp" 128
"Z:/toon-tanks/Toon Tanks/Content/Assets/Audio/Thud_Audio.ubulk" 129
"Z:/toon-tanks/Toon Tanks/Content/Assets/Audio/Thud_Audio.uasset" 130
"Z:/toon-tanks/Toon Tanks/Content/Assets/Audio/Thud_Audio.uexp" 131
"Z:/toon-tanks/Toon Tanks/Content/Blueprints/CameraShake/BP_HitCamera.uasset" 132
"Z:/toon-tanks/Toon Tanks/Content/Blueprints/CameraShake/BP_HitCamera.uexp" 133
"Z:/toon-tanks/Toon Tanks/Content/Assets/Effects/P_HitEffect.uasset" 134
"Z:/toon-tanks/Toon Tanks/Content/Assets/Effects/P_HitEffect.uexp" 135
"Z:/toon-tanks/Toon Tanks/Content/Blueprints/Actors/BP_Projectile.uasset" 136
"Z:/toon-tanks/Toon Tanks/Content/Blueprints/Actors/BP_Projectile.uexp" 137
"Z:/toon-tanks/Toon Tanks/Content/Assets/Audio/Explode_Audio.ubulk" 138
"Z:/toon-tanks/Toon Tanks/Content/Assets/Audio/Explode_Audio.uasset" 139
"Z:/toon-tanks/Toon Tanks/Content/Assets/Audio/Explode_Audio.uexp" 140
"Z:/toon-tanks/Toon Tanks/Content/Assets/Materials/M_EmissiveGreen_Inst.uasset" 141
"Z:/toon-tanks/Toon Tanks/Content/Assets/Materials/M_EmissiveGreen_Inst.uexp" 142
"Z:/toon-tanks/Toon Tanks/Content/Assets/Meshes/SM_TankBase.uasset" 143
"Z:/toon-tanks/Toon Tanks/Content/Assets/Meshes/SM_TankBase.uexp" 144
"Z:/toon-tanks/Toon Tanks/Content/Assets/Meshes/SM_TankTurret.uasset" 145
"Z:/toon-tanks/Toon Tanks/Content/Assets/Meshes/SM_TankTurret.uexp" 146
"Z:/toon-tanks/Toon Tanks/Content/Blueprints/CameraShake/BP_DeathCameraShake.uasset" 147
"Z:/toon-tanks/Toon Tanks/Content/Blueprints/CameraShake/BP_DeathCameraShake.uexp" 148
"Z:/toon-tanks/Toon Tanks/Content/Blueprints/Pawns/BP_PawnTank.uasset" 149
"Z:/toon-tanks/Toon Tanks/Content/Blueprints/Pawns/BP_PawnTank.uexp" 150
"Z:/toon-tanks/Toon Tanks/Content/Blueprints/Widgets/WBP_EndGameWidget.uasset" 151
"Z:/toon-tanks/Toon Tanks/Content/Blueprints/Widgets/WBP_EndGameWidget.uexp" 152
"Z:/toon-tanks/Toon Tanks/Content/GameMode/BP_ToonTanksGameMode.uasset" 153
"Z:/toon-tanks/Toon Tanks/Content/GameMode/BP_ToonTanksGameMode.uexp" 154
"Z:/toon-tanks/Toon Tanks/Content/ComponentsActor.uasset" 155
"Z:/toon-tanks/Toon Tanks/Content/ComponentsActor.uexp" 156
"../../../Engine/Content/Functions/Engine_MaterialFunctions02/WorldPositionOffset/CameraOffset.uasset" 157
"../../../Engine/Content/Functions/Engine_MaterialFunctions02/WorldPositionOffset/CameraOffset.uexp" 158
"../../../Engine/Plugins/Animation/ControlRig/Content/M_Manip.uasset" 159
"../../../Engine/Plugins/Animation/ControlRig/Content/M_Manip.uexp" 160
"../../../Engine/Plugins/2D/Paper2D/Content/PlaceholderTextures/DummySpriteTexture.ubulk" 161
"../../../Engine/Plugins/2D/Paper2D/Content/PlaceholderTextures/DummySpriteTexture.uasset" 162
"../../../Engine/Plugins/2D/Paper2D/Content/PlaceholderTextures/DummySpriteTexture.uexp" 163
"../../../Engine/Plugins/2D/Paper2D/Content/DefaultSpriteMaterial.uasset" 164
"../../../Engine/Plugins/2D/Paper2D/Content/DefaultSpriteMaterial.uexp" 165
"../../../Engine/Plugins/2D/Paper2D/Content/OpaqueUnlitSpriteMaterial.uasset" 166
"../../../Engine/Plugins/2D/Paper2D/Content/OpaqueUnlitSpriteMaterial.uexp" 167
"../../../Engine/Plugins/2D/Paper2D/Content/MaskedUnlitSpriteMaterial.uasset" 168
"../../../Engine/Plugins/2D/Paper2D/Content/MaskedUnlitSpriteMaterial.uexp" 169
"../../../Engine/Plugins/2D/Paper2D/Content/DummySprite.uasset" 170
"../../../Engine/Plugins/2D/Paper2D/Content/DummySprite.uexp" 171
"../../../Engine/Plugins/2D/Paper2D/Content/DefaultPaperTerrainMaterial.uasset" 172
"../../../Engine/Plugins/2D/Paper2D/Content/DefaultPaperTerrainMaterial.uexp" 173
"../../../Engine/Content/EngineMaterials/DefaultMaterial.uasset" 174
"../../../Engine/Content/EngineMaterials/DefaultMaterial.uexp" 175
"../../../Engine/Content/BasicShapes/Sphere.uasset" 176
"../../../Engine/Content/BasicShapes/Sphere.uexp" 177
"../../../Engine/Content/BasicShapes/Plane.uasset" 178
"../../../Engine/Content/BasicShapes/Plane.uexp" 179
"../../../Engine/Content/BasicShapes/Cylinder.uasset" 180
"../../../Engine/Content/BasicShapes/Cylinder.uexp" 181
"../../../Engine/Content/BasicShapes/Cone.uasset" 182
"../../../Engine/Content/BasicShapes/Cone.uexp" 183
"../../../Engine/Content/Animation/DefaultRecorderBoneCompression.uasset" 184
"../../../Engine/Content/Animation/DefaultRecorderBoneCompression.uexp" 185
"../../../Engine/Content/Animation/DefaultAnimCurveCompressionSettings.uasset" 186
"../../../Engine/Content/Animation/DefaultAnimCurveCompressionSettings.uexp" 187
"../../../Engine/Content/Animation/DefaultAnimBoneCompressionSettings.uasset" 188
"../../../Engine/Content/Animation/DefaultAnimBoneCompressionSettings.uexp" 189
"../../../Engine/Plugins/Runtime/MeshModelingToolset/Content/Materials/M_DynamicMeshComponentVtxColor.uasset" 190
"../../../Engine/Plugins/Runtime/MeshModelingToolset/Content/Materials/M_DynamicMeshComponentVtxColor.uexp" 191
"../../../Engine/Plugins/Interchange/Runtime/Content/Pipelines/DefaultTexturePipeline.uasset" 192
"../../../Engine/Plugins/Interchange/Runtime/Content/Pipelines/DefaultTexturePipeline.uexp" 193
"../../../Engine/Plugins/Interchange/Runtime/Content/Pipelines/DefaultSceneLevelPipeline.uasset" 194
"../../../Engine/Plugins/Interchange/Runtime/Content/Pipelines/DefaultSceneLevelPipeline.uexp" 195
"../../../Engine/Plugins/Interchange/Runtime/Content/Pipelines/DefaultSceneAssetsPipeline.uasset" 196
"../../../Engine/Plugins/Interchange/Runtime/Content/Pipelines/DefaultSceneAssetsPipeline.uexp" 197
"../../../Engine/Plugins/Interchange/Runtime/Content/Pipelines/DefaultMaterialPipeline.uasset" 198
"../../../Engine/Plugins/Interchange/Runtime/Content/Pipelines/DefaultMaterialPipeline.uexp" 199
"../../../Engine/Plugins/Interchange/Runtime/Content/Pipelines/DefaultAssetsPipeline.uasset" 200
"../../../Engine/Plugins/Interchange/Runtime/Content/Pipelines/DefaultAssetsPipeline.uexp" 201
"../../../Engine/Plugins/Editor/SpeedTreeImporter/Content/SpeedTree9/game_wind_noise.ubulk" 202
"../../../Engine/Plugins/Editor/SpeedTreeImporter/Content/SpeedTree9/game_wind_noise.uasset" 203
"../../../Engine/Plugins/Editor/SpeedTreeImporter/Content/SpeedTree9/game_wind_noise.uexp" 204
"../../../Engine/Plugins/Editor/SpeedTreeImporter/Content/SpeedTree9/UnpackDirection.uasset" 205
"../../../Engine/Plugins/Editor/SpeedTreeImporter/Content/SpeedTree9/UnpackDirection.uexp" 206
"../../../Engine/Content/Functions/Engine_MaterialFunctions02/ObjectLocalBounds.uasset" 207
"../../../Engine/Content/Functions/Engine_MaterialFunctions02/ObjectLocalBounds.uexp" 208
"../../../Engine/Content/Functions/Engine_MaterialFunctions02/Utility/BreakOutFloat3Components.uasset" 209
"../../../Engine/Content/Functions/Engine_MaterialFunctions02/Utility/BreakOutFloat3Components.uexp" 210
"../../../Engine/Content/Functions/Engine_MaterialFunctions02/UVs/BoundingBoxBased_0-1_UVW.uasset" 211
"../../../Engine/Content/Functions/Engine_MaterialFunctions02/UVs/BoundingBoxBased_0-1_UVW.uexp" 212
"../../../Engine/Content/Functions/Engine_MaterialFunctions02/Utility/VectorLength.uasset" 213
"../../../Engine/Content/Functions/Engine_MaterialFunctions02/Utility/VectorLength.uexp" 214
"../../../Engine/Plugins/Editor/SpeedTreeImporter/Content/SpeedTree9/UnpackInteger3.uasset" 215
"../../../Engine/Plugins/Editor/SpeedTreeImporter/Content/SpeedTree9/UnpackInteger3.uexp" 216
"../../../Engine/Plugins/Editor/SpeedTreeImporter/Content/SpeedTree9/SpeedTreeCameraFacing.uasset" 217
"../../../Engine/Plugins/Editor/SpeedTreeImporter/Content/SpeedTree9/SpeedTreeCameraFacing.uexp" 218
"../../../Engine/Content/Functions/Engine_MaterialFunctions02/WorldPositionOffset/ObjectScale.uasset" 219
"../../../Engine/Content/Functions/Engine_MaterialFunctions02/WorldPositionOffset/ObjectScale.uexp" 220
"../../../Engine/Content/Functions/Engine_MaterialFunctions02/SafeNormalize.uasset" 221
"../../../Engine/Content/Functions/Engine_MaterialFunctions02/SafeNormalize.uexp" 222
"../../../Engine/Plugins/Editor/SpeedTreeImporter/Content/SpeedTree9/SpeedTreeWindMotion.uasset" 223
"../../../Engine/Plugins/Editor/SpeedTreeImporter/Content/SpeedTree9/SpeedTreeWindMotion.uexp" 224
"../../../Engine/Plugins/Editor/SpeedTreeImporter/Content/SpeedTree9/SpeedTreeBranchMotion.uasset" 225
"../../../Engine/Plugins/Editor/SpeedTreeImporter/Content/SpeedTree9/SpeedTreeBranchMotion.uexp" 226
"../../../Engine/Plugins/Editor/SpeedTreeImporter/Content/SpeedTree9/SpeedTreeWind.uasset" 227
"../../../Engine/Plugins/Editor/SpeedTreeImporter/Content/SpeedTree9/SpeedTreeWind.uexp" 228
"../../../Engine/Plugins/Editor/SpeedTreeImporter/Content/SpeedTree9/EmptyNormal.uasset" 229
"../../../Engine/Plugins/Editor/SpeedTreeImporter/Content/SpeedTree9/EmptyNormal.uexp" 230
"../../../Engine/Plugins/Editor/SpeedTreeImporter/Content/SpeedTree9/Empty.uasset" 231
"../../../Engine/Plugins/Editor/SpeedTreeImporter/Content/SpeedTree9/Empty.uexp" 232
"../../../Engine/Plugins/Editor/SpeedTreeImporter/Content/SpeedTree9/SpeedTreeMaster.uasset" 233
"../../../Engine/Plugins/Editor/SpeedTreeImporter/Content/SpeedTree9/SpeedTreeMaster.uexp" 234
"../../../Engine/Plugins/Editor/SpeedTreeImporter/Content/SpeedTree9/SpeedTreeBillboard.uasset" 235
"../../../Engine/Plugins/Editor/SpeedTreeImporter/Content/SpeedTree9/SpeedTreeBillboard.uexp" 236
"../../../Engine/Plugins/Editor/SpeedTreeImporter/Content/SpeedTree9/SpeedTreeBillboardMaster.uasset" 237
"../../../Engine/Plugins/Editor/SpeedTreeImporter/Content/SpeedTree9/SpeedTreeBillboardMaster.uexp" 238
"../../../Engine/Plugins/Animation/ControlRig/Content/Controls/DefaultGizmoLibraryNormalized.uasset" 239
"../../../Engine/Plugins/Animation/ControlRig/Content/Controls/DefaultGizmoLibraryNormalized.uexp" 240
"../../../Engine/Plugins/Animation/ControlRig/Content/Controls/ControlRig_Wedge_solid.uasset" 241
"../../../Engine/Plugins/Animation/ControlRig/Content/Controls/ControlRig_Wedge_solid.uexp" 242
"../../../Engine/Plugins/Animation/ControlRig/Content/Controls/ControlRig_Wedge_3mm.uasset" 243
"../../../Engine/Plugins/Animation/ControlRig/Content/Controls/ControlRig_Wedge_3mm.uexp" 244
"../../../Engine/Plugins/Animation/ControlRig/Content/Controls/ControlRig_Wedge_1mm.uasset" 245
"../../../Engine/Plugins/Animation/ControlRig/Content/Controls/ControlRig_Wedge_1mm.uexp" 246
"../../../Engine/Plugins/Animation/ControlRig/Content/Controls/ControlRig_Triangle_solid.uasset" 247
"../../../Engine/Plugins/Animation/ControlRig/Content/Controls/ControlRig_Triangle_solid.uexp" 248
"../../../Engine/Plugins/Animation/ControlRig/Content/Controls/ControlRig_Triangle_3mm.uasset" 249
"../../../Engine/Plugins/Animation/ControlRig/Content/Controls/ControlRig_Triangle_3mm.uexp" 250
"../../../Engine/Plugins/Animation/ControlRig/Content/Controls/ControlRig_Triangle_1mm.uasset" 251
"../../../Engine/Plugins/Animation/ControlRig/Content/Controls/ControlRig_Triangle_1mm.uexp" 252
"../../../Engine/Plugins/Animation/ControlRig/Content/Controls/ControlRig_Star4_solid.uasset" 253
"../../../Engine/Plugins/Animation/ControlRig/Content/Controls/ControlRig_Star4_solid.uexp" 254
"../../../Engine/Plugins/Animation/ControlRig/Content/Controls/ControlRig_Star4_3mm.uasset" 255
"../../../Engine/Plugins/Animation/ControlRig/Content/Controls/ControlRig_Star4_3mm.uexp" 256
"../../../Engine/Plugins/Animation/ControlRig/Content/Controls/ControlRig_Star4_1mm.uasset" 257
"../../../Engine/Plugins/Animation/ControlRig/Content/Controls/ControlRig_Star4_1mm.uexp" 258
"../../../Engine/Plugins/Animation/ControlRig/Content/Controls/ControlRig_Square_solid.uasset" 259
"../../../Engine/Plugins/Animation/ControlRig/Content/Controls/ControlRig_Square_solid.uexp" 260
"../../../Engine/Plugins/Animation/ControlRig/Content/Controls/ControlRig_Square_3mm.uasset" 261
"../../../Engine/Plugins/Animation/ControlRig/Content/Controls/ControlRig_Square_3mm.uexp" 262
"../../../Engine/Plugins/Animation/ControlRig/Content/Controls/ControlRig_Square_1mm.uasset" 263
"../../../Engine/Plugins/Animation/ControlRig/Content/Controls/ControlRig_Square_1mm.uexp" 264
"../../../Engine/Plugins/Animation/ControlRig/Content/Controls/ControlRig_Sphere_solid.uasset" 265
"../../../Engine/Plugins/Animation/ControlRig/Content/Controls/ControlRig_Sphere_solid.uexp" 266
"../../../Engine/Plugins/Animation/ControlRig/Content/Controls/ControlRig_Sphere_3mm.uasset" 267
"../../../Engine/Plugins/Animation/ControlRig/Content/Controls/ControlRig_Sphere_3mm.uexp" 268
"../../../Engine/Plugins/Animation/ControlRig/Content/Controls/ControlRig_Sphere_1mm.uasset" 269
"../../../Engine/Plugins/Animation/ControlRig/Content/Controls/ControlRig_Sphere_1mm.uexp" 270
"../../../Engine/Plugins/Animation/ControlRig/Content/Controls/ControlRig_RoundedTriangle_solid.uasset" 271
"../../../Engine/Plugins/Animation/ControlRig/Content/Controls/ControlRig_RoundedTriangle_solid.uexp" 272
"../../../Engine/Plugins/Animation/ControlRig/Content/Controls/ControlRig_RoundedTriangle_3mm.uasset" 273
"../../../Engine/Plugins/Animation/ControlRig/Content/Controls/ControlRig_RoundedTriangle_3mm.uexp" 274
"../../../Engine/Plugins/Animation/ControlRig/Content/Controls/ControlRig_RoundedTriangle_1mm.uasset" 275
"../../../Engine/Plugins/Animation/ControlRig/Content/Controls/ControlRig_RoundedTriangle_1mm.uexp" 276
"../../../Engine/Plugins/Animation/ControlRig/Content/Controls/ControlRig_RoundedSquare_solid.uasset" 277
"../../../Engine/Plugins/Animation/ControlRig/Content/Controls/ControlRig_RoundedSquare_solid.uexp" 278
"../../../Engine/Plugins/Animation/ControlRig/Content/Controls/ControlRig_RoundedSquare_3mm.uasset" 279
"../../../Engine/Plugins/Animation/ControlRig/Content/Controls/ControlRig_RoundedSquare_3mm.uexp" 280
"../../../Engine/Plugins/Animation/ControlRig/Content/Controls/ControlRig_RoundedSquare_1mm.uasset" 281
"../../../Engine/Plugins/Animation/ControlRig/Content/Controls/ControlRig_RoundedSquare_1mm.uexp" 282
"../../../Engine/Plugins/Animation/ControlRig/Content/Controls/ControlRig_QuarterCircle_solid.uasset" 283
"../../../Engine/Plugins/Animation/ControlRig/Content/Controls/ControlRig_QuarterCircle_solid.uexp" 284
"../../../Engine/Plugins/Animation/ControlRig/Content/Controls/ControlRig_QuarterCircle_3mm.uasset" 285
"../../../Engine/Plugins/Animation/ControlRig/Content/Controls/ControlRig_QuarterCircle_3mm.uexp" 286
"../../../Engine/Plugins/Animation/ControlRig/Content/Controls/ControlRig_QuarterCircle_1mm.uasset" 287
"../../../Engine/Plugins/Animation/ControlRig/Content/Controls/ControlRig_QuarterCircle_1mm.uexp" 288
"../../../Engine/Plugins/Animation/ControlRig/Content/Controls/ControlRig_Pyramid_solid.uasset" 289
"../../../Engine/Plugins/Animation/ControlRig/Content/Controls/ControlRig_Pyramid_solid.uexp" 290
"../../../Engine/Plugins/Animation/ControlRig/Content/Controls/ControlRig_Pyramid_3mm.uasset" 291
"../../../Engine/Plugins/Animation/ControlRig/Content/Controls/ControlRig_Pyramid_3mm.uexp" 292
"../../../Engine/Plugins/Animation/ControlRig/Content/Controls/ControlRig_Pyramid_1mm.uasset" 293
"../../../Engine/Plugins/Animation/ControlRig/Content/Controls/ControlRig_Pyramid_1mm.uexp" 294
"../../../Engine/Plugins/Animation/ControlRig/Content/Controls/ControlRig_Octagon_solid.uasset" 295
"../../../Engine/Plugins/Animation/ControlRig/Content/Controls/ControlRig_Octagon_solid.uexp" 296
"../../../Engine/Plugins/Animation/ControlRig/Content/Controls/ControlRig_Octagon_3mm.uasset" 297
"../../../Engine/Plugins/Animation/ControlRig/Content/Controls/ControlRig_Octagon_3mm.uexp" 298
"../../../Engine/Plugins/Animation/ControlRig/Content/Controls/ControlRig_Octagon_1mm.uasset" 299
"../../../Engine/Plugins/Animation/ControlRig/Content/Controls/ControlRig_Octagon_1mm.uexp" 300
"../../../Engine/Plugins/Animation/ControlRig/Content/Controls/ControlRig_Hexagon_solid.uasset" 301
"../../../Engine/Plugins/Animation/ControlRig/Content/Controls/ControlRig_Hexagon_solid.uexp" 302
"../../../Engine/Plugins/Animation/ControlRig/Content/Controls/ControlRig_Hexagon_3mm.uasset" 303
"../../../Engine/Plugins/Animation/ControlRig/Content/Controls/ControlRig_Hexagon_3mm.uexp" 304
"../../../Engine/Plugins/Animation/ControlRig/Content/Controls/ControlRig_Hexagon_1mm.uasset" 305
"../../../Engine/Plugins/Animation/ControlRig/Content/Controls/ControlRig_Hexagon_1mm.uexp" 306
"../../../Engine/Plugins/Animation/ControlRig/Content/Controls/ControlRig_HalfCircle_solid.uasset" 307
"../../../Engine/Plugins/Animation/ControlRig/Content/Controls/ControlRig_HalfCircle_solid.uexp" 308
"../../../Engine/Plugins/Animation/ControlRig/Content/Controls/ControlRig_HalfCircle_3mm.uasset" 309
"../../../Engine/Plugins/Animation/ControlRig/Content/Controls/ControlRig_HalfCircle_3mm.uexp" 310
"../../../Engine/Plugins/Animation/ControlRig/Content/Controls/ControlRig_HalfCircle_1mm.uasset" 311
"../../../Engine/Plugins/Animation/ControlRig/Content/Controls/ControlRig_HalfCircle_1mm.uexp" 312
"../../../Engine/Plugins/Animation/ControlRig/Content/Controls/ControlRig_Diamond_solid.uasset" 313
"../../../Engine/Plugins/Animation/ControlRig/Content/Controls/ControlRig_Diamond_solid.uexp" 314
"../../../Engine/Plugins/Animation/ControlRig/Content/Controls/ControlRig_Diamond_3mm.uasset" 315
"../../../Engine/Plugins/Animation/ControlRig/Content/Controls/ControlRig_Diamond_3mm.uexp" 316
"../../../Engine/Plugins/Animation/ControlRig/Content/Controls/ControlRig_Diamond_1mm.uasset" 317
"../../../Engine/Plugins/Animation/ControlRig/Content/Controls/ControlRig_Diamond_1mm.uexp" 318
"../../../Engine/Plugins/Animation/ControlRig/Content/Controls/ControlRig_Circle_solid.uasset" 319
"../../../Engine/Plugins/Animation/ControlRig/Content/Controls/ControlRig_Circle_solid.uexp" 320
"../../../Engine/Plugins/Animation/ControlRig/Content/Controls/ControlRig_Circle_3mm.uasset" 321
"../../../Engine/Plugins/Animation/ControlRig/Content/Controls/ControlRig_Circle_3mm.uexp" 322
"../../../Engine/Plugins/Animation/ControlRig/Content/Controls/ControlRig_Circle_1mm.uasset" 323
"../../../Engine/Plugins/Animation/ControlRig/Content/Controls/ControlRig_Circle_1mm.uexp" 324
"../../../Engine/Plugins/Animation/ControlRig/Content/Controls/ControlRig_Box_solid.uasset" 325
"../../../Engine/Plugins/Animation/ControlRig/Content/Controls/ControlRig_Box_solid.uexp" 326
"../../../Engine/Plugins/Animation/ControlRig/Content/Controls/ControlRig_Box_3mm.uasset" 327
"../../../Engine/Plugins/Animation/ControlRig/Content/Controls/ControlRig_Box_3mm.uexp" 328
"../../../Engine/Plugins/Animation/ControlRig/Content/Controls/ControlRig_Box_1mm.uasset" 329
"../../../Engine/Plugins/Animation/ControlRig/Content/Controls/ControlRig_Box_1mm.uexp" 330
"../../../Engine/Plugins/Animation/ControlRig/Content/Controls/ControlRig_Arrow_solid.uasset" 331
"../../../Engine/Plugins/Animation/ControlRig/Content/Controls/ControlRig_Arrow_solid.uexp" 332
"../../../Engine/Plugins/Animation/ControlRig/Content/Controls/ControlRig_Arrow_3mm.uasset" 333
"../../../Engine/Plugins/Animation/ControlRig/Content/Controls/ControlRig_Arrow_3mm.uexp" 334
"../../../Engine/Plugins/Animation/ControlRig/Content/Controls/ControlRig_Arrow_1mm.uasset" 335
"../../../Engine/Plugins/Animation/ControlRig/Content/Controls/ControlRig_Arrow_1mm.uexp" 336
"../../../Engine/Plugins/Animation/ControlRig/Content/Controls/ControlRig_Arrow4_solid.uasset" 337
"../../../Engine/Plugins/Animation/ControlRig/Content/Controls/ControlRig_Arrow4_solid.uexp" 338
"../../../Engine/Plugins/Animation/ControlRig/Content/Controls/ControlRig_Arrow4_3mm.uasset" 339
"../../../Engine/Plugins/Animation/ControlRig/Content/Controls/ControlRig_Arrow4_3mm.uexp" 340
"../../../Engine/Plugins/Animation/ControlRig/Content/Controls/ControlRig_Arrow4_1mm.uasset" 341
"../../../Engine/Plugins/Animation/ControlRig/Content/Controls/ControlRig_Arrow4_1mm.uexp" 342
"../../../Engine/Plugins/Animation/ControlRig/Content/Controls/ControlRig_Arrow2_solid.uasset" 343
"../../../Engine/Plugins/Animation/ControlRig/Content/Controls/ControlRig_Arrow2_solid.uexp" 344
"../../../Engine/Plugins/Animation/ControlRig/Content/Controls/ControlRig_Arrow2_3mm.uasset" 345
"../../../Engine/Plugins/Animation/ControlRig/Content/Controls/ControlRig_Arrow2_3mm.uexp" 346
"../../../Engine/Plugins/Animation/ControlRig/Content/Controls/ControlRig_Arrow2_1mm.uasset" 347
"../../../Engine/Plugins/Animation/ControlRig/Content/Controls/ControlRig_Arrow2_1mm.uexp" 348
"../../../Engine/Plugins/Animation/ControlRig/Content/Controls/ControlRigXRayMaterial.uasset" 349
"../../../Engine/Plugins/Animation/ControlRig/Content/Controls/ControlRigXRayMaterial.uexp" 350
"../../../Engine/Plugins/Animation/ControlRig/Content/Controls/ControlRigGizmoMaterial.uasset" 351
"../../../Engine/Plugins/Animation/ControlRig/Content/Controls/ControlRigGizmoMaterial.uexp" 352
"../../../Engine/Content/MobileResources/HUD/VirtualJoystick_Background.uasset" 353
"../../../Engine/Content/MobileResources/HUD/VirtualJoystick_Background.uexp" 354
"../../../Engine/Content/MobileResources/HUD/VirtualJoystick_Thumb.uasset" 355
"../../../Engine/Content/MobileResources/HUD/VirtualJoystick_Thumb.uexp" 356
"../../../Engine/Content/MobileResources/HUD/DefaultVirtualJoysticks.uasset" 357
"../../../Engine/Content/MobileResources/HUD/DefaultVirtualJoysticks.uexp" 358
"../../../Engine/Content/EngineSounds/Master.uasset" 359
"../../../Engine/Content/EngineSounds/Master.uexp" 360
"../../../Engine/Content/EngineSky/VolumetricClouds/CloudWeatherTexture.uasset" 361
"../../../Engine/Content/EngineSky/VolumetricClouds/CloudWeatherTexture.uexp" 362
"../../../Engine/Content/Functions/Engine_MaterialFunctions02/Utility/MakeFloat2.uasset" 363
"../../../Engine/Content/Functions/Engine_MaterialFunctions02/Utility/MakeFloat2.uexp" 364
"../../../Engine/Content/EngineSky/VolumetricClouds/CloudGradientTexture.uasset" 365
"../../../Engine/Content/EngineSky/VolumetricClouds/CloudGradientTexture.uexp" 366
"../../../Engine/Content/EngineSky/VolumetricClouds/T_NoiseShape64.ubulk" 367
"../../../Engine/Content/EngineSky/VolumetricClouds/T_NoiseShape64.uasset" 368
"../../../Engine/Content/EngineSky/VolumetricClouds/T_NoiseShape64.uexp" 369
"../../../Engine/Content/EngineSky/VolumetricClouds/T_VolumeNoiseShape64.uasset" 370
"../../../Engine/Content/EngineSky/VolumetricClouds/T_VolumeNoiseShape64.uexp" 371
"../../../Engine/Content/EngineSky/VolumetricClouds/T_NoiseErosion.ubulk" 372
"../../../Engine/Content/EngineSky/VolumetricClouds/T_NoiseErosion.uasset" 373
"../../../Engine/Content/EngineSky/VolumetricClouds/T_NoiseErosion.uexp" 374
"../../../Engine/Content/EngineSky/VolumetricClouds/T_VolumeNoiseErosion32.uasset" 375
"../../../Engine/Content/EngineSky/VolumetricClouds/T_VolumeNoiseErosion32.uexp" 376
"../../../Engine/Content/EngineSky/VolumetricClouds/m_SimpleVolumetricCloud.uasset" 377
"../../../Engine/Content/EngineSky/VolumetricClouds/m_SimpleVolumetricCloud.uexp" 378
"../../../Engine/Content/EngineSky/VolumetricClouds/m_SimpleVolumetricCloud_Inst.uasset" 379
"../../../Engine/Content/EngineSky/VolumetricClouds/m_SimpleVolumetricCloud_Inst.uexp" 380
"../../../Engine/Content/EngineResources/FilmGrains/Marcie_Grain_v3_128_M2_000.uasset" 381
"../../../Engine/Content/EngineResources/FilmGrains/Marcie_Grain_v3_128_M2_000.uexp" 382
"../../../Engine/Content/EngineResources/WhiteSquareTexture.uasset" 383
"../../../Engine/Content/EngineResources/WhiteSquareTexture.uexp" 384
"../../../Engine/Content/EngineMaterials/Widget3DPassThrough.uasset" 385
"../../../Engine/Content/EngineMaterials/Widget3DPassThrough.uexp" 386
"../../../Engine/Content/EngineMaterials/Widget3DPassThrough_Translucent.uasset" 387
"../../../Engine/Content/EngineMaterials/Widget3DPassThrough_Translucent.uexp" 388
"../../../Engine/Content/EngineMaterials/Widget3DPassThrough_Translucent_OneSided.uasset" 389
"../../../Engine/Content/EngineMaterials/Widget3DPassThrough_Translucent_OneSided.uexp" 390
"../../../Engine/Content/EngineMaterials/Widget3DPassThrough_Opaque.uasset" 391
"../../../Engine/Content/EngineMaterials/Widget3DPassThrough_Opaque.uexp" 392
"../../../Engine/Content/EngineMaterials/Widget3DPassThrough_Opaque_OneSided.uasset" 393
"../../../Engine/Content/EngineMaterials/Widget3DPassThrough_Opaque_OneSided.uexp" 394
"../../../Engine/Content/EngineMaterials/Widget3DPassThrough_Masked_OneSided.uasset" 395
"../../../Engine/Content/EngineMaterials/Widget3DPassThrough_Masked_OneSided.uexp" 396
"../../../Engine/Content/EngineMaterials/Widget3DPassThrough_Masked.uasset" 397
"../../../Engine/Content/EngineMaterials/Widget3DPassThrough_Masked.uexp" 398
"../../../Engine/Content/EngineMaterials/STBlueNoise_vec2_128x128x64.uasset" 399
"../../../Engine/Content/EngineMaterials/STBlueNoise_vec2_128x128x64.uexp" 400
"../../../Engine/Content/EngineMaterials/STBlueNoise_scalar_128x128x64.uasset" 401
"../../../Engine/Content/EngineMaterials/STBlueNoise_scalar_128x128x64.uexp" 402
"../../../Engine/Content/EngineMaterials/RemoveSurfaceMaterial.uasset" 403
"../../../Engine/Content/EngineMaterials/RemoveSurfaceMaterial.uexp" 404
"../../../Engine/Content/EngineMaterials/DefaultCalibrationGrayscale.uasset" 405
"../../../Engine/Content/EngineMaterials/DefaultCalibrationGrayscale.uexp" 406
"../../../Engine/Content/EngineMaterials/PPM_DefaultCalibrationGrayscale.uasset" 407
"../../../Engine/Content/EngineMaterials/PPM_DefaultCalibrationGrayscale.uexp" 408
"../../../Engine/Content/EngineMaterials/DefaultCalibrationColor.uasset" 409
"../../../Engine/Content/EngineMaterials/DefaultCalibrationColor.uexp" 410
"../../../Engine/Content/EngineMaterials/PPM_DefaultCalibrationColor.uasset" 411
"../../../Engine/Content/EngineMaterials/PPM_DefaultCalibrationColor.uexp" 412
"../../../Engine/Content/EngineMaterials/PhAT_JointLimitMaterial.uasset" 413
"../../../Engine/Content/EngineMaterials/PhAT_JointLimitMaterial.uexp" 414
"../../../Engine/Content/EngineMaterials/NaniteHiddenSectionMaterial.uasset" 415
"../../../Engine/Content/EngineMaterials/NaniteHiddenSectionMaterial.uexp" 416
"../../../Engine/Content/EngineMaterials/InvalidLightmapSettings.ubulk" 417
"../../../Engine/Content/EngineMaterials/InvalidLightmapSettings.uasset" 418
"../../../Engine/Content/EngineMaterials/InvalidLightmapSettings.uexp" 419
"../../../Engine/Content/EngineMaterials/M_InvalidLightmapSettings.uasset" 420
"../../../Engine/Content/EngineMaterials/M_InvalidLightmapSettings.uexp" 421
"../../../Engine/Content/EngineMaterials/GizmoMaterial.uasset" 422
"../../../Engine/Content/EngineMaterials/GizmoMaterial.uexp" 423
"../../../Engine/Content/EngineMaterials/BaseFlattenEmissiveMap_VT.uasset" 424
"../../../Engine/Content/EngineMaterials/BaseFlattenEmissiveMap_VT.uexp" 425
"../../../Engine/Content/EngineMaterials/BaseFlattenGrayscaleMap_VT.uasset" 426
"../../../Engine/Content/EngineMaterials/BaseFlattenGrayscaleMap_VT.uexp" 427
"../../../Engine/Content/EngineMaterials/BaseFlattenLinearColor_VT.uasset" 428
"../../../Engine/Content/EngineMaterials/BaseFlattenLinearColor_VT.uexp" 429
"../../../Engine/Content/EngineMaterials/Black_1x1_EXR_Texture_VT.uasset" 430
"../../../Engine/Content/EngineMaterials/Black_1x1_EXR_Texture_VT.uexp" 431
"../../../Engine/Content/EngineMaterials/BaseFlattenDiffuseMap_VT.uasset" 432
"../../../Engine/Content/EngineMaterials/BaseFlattenDiffuseMap_VT.uexp" 433
"../../../Engine/Content/EngineMaterials/BaseFlattenNormalMap_VT.uasset" 434
"../../../Engine/Content/EngineMaterials/BaseFlattenNormalMap_VT.uexp" 435
"../../../Engine/Content/EngineMaterials/FlattenMaterial_WS_Normal_VT.uasset" 436
"../../../Engine/Content/EngineMaterials/FlattenMaterial_WS_Normal_VT.uexp" 437
"../../../Engine/Content/EngineMaterials/FlattenMaterial_VT.uasset" 438
"../../../Engine/Content/EngineMaterials/FlattenMaterial_VT.uexp" 439
"../../../Engine/Content/EngineMaterials/BaseFlattenNormalMap.uasset" 440
"../../../Engine/Content/EngineMaterials/BaseFlattenNormalMap.uexp" 441
"../../../Engine/Content/EngineMaterials/BaseFlattenGrayscaleMap.uasset" 442
"../../../Engine/Content/EngineMaterials/BaseFlattenGrayscaleMap.uexp" 443
"../../../Engine/Content/EngineMaterials/BaseFlattenDiffuseMap.uasset" 444
"../../../Engine/Content/EngineMaterials/BaseFlattenDiffuseMap.uexp" 445
"../../../Engine/Content/Functions/Engine_MaterialFunctions02/PivotPainter2/Black_1x1_EXR_Texture.uasset" 446
"../../../Engine/Content/Functions/Engine_MaterialFunctions02/PivotPainter2/Black_1x1_EXR_Texture.uexp" 447
"../../../Engine/Content/EngineMaterials/BaseFlattenEmissiveMap.uasset" 448
"../../../Engine/Content/EngineMaterials/BaseFlattenEmissiveMap.uexp" 449
"../../../Engine/Content/EngineMaterials/BaseFlattenLinearColor.uasset" 450
"../../../Engine/Content/EngineMaterials/BaseFlattenLinearColor.uexp" 451
"../../../Engine/Content/EngineMaterials/FlattenMaterial.uasset" 452
"../../../Engine/Content/EngineMaterials/FlattenMaterial.uexp" 453
"../../../Engine/Content/EngineMaterials/DefaultWhiteGrid_Low.uasset" 454
"../../../Engine/Content/EngineMaterials/DefaultWhiteGrid_Low.uexp" 455
"../../../Engine/Content/EngineMaterials/EmissiveMeshMaterial.uasset" 456
"../../../Engine/Content/EngineMaterials/EmissiveMeshMaterial.uexp" 457
"../../../Engine/Content/EngineFonts/RobotoDistanceField.uasset" 458
"../../../Engine/Content/EngineFonts/RobotoDistanceField.uexp" 459
"../../../Engine/Content/EngineMaterials/DefaultTextMaterialOpaque.uasset" 460
"../../../Engine/Content/EngineMaterials/DefaultTextMaterialOpaque.uexp" 461
"../../../Engine/Content/EngineMaterials/DefaultDiffuse.ubulk" 462
"../../../Engine/Content/EngineMaterials/DefaultDiffuse.uasset" 463
"../../../Engine/Content/EngineMaterials/DefaultDiffuse.uexp" 464
"../../../Engine/Content/Functions/Engine_MaterialFunctions02/Utility/BreakOutFloat2Components.uasset" 465
"../../../Engine/Content/Functions/Engine_MaterialFunctions02/Utility/BreakOutFloat2Components.uexp" 466
"../../../Engine/Content/EngineMaterials/DefaultPostProcessMaterial.uasset" 467
"../../../Engine/Content/EngineMaterials/DefaultPostProcessMaterial.uexp" 468
"../../../Engine/Content/EngineMaterials/DefaultPhysicalMaterial.uasset" 469
"../../../Engine/Content/EngineMaterials/DefaultPhysicalMaterial.uexp" 470
"../../../Engine/Content/EngineMaterials/DefaultLightFunctionMaterial.uasset" 471
"../../../Engine/Content/EngineMaterials/DefaultLightFunctionMaterial.uexp" 472
"../../../Engine/Content/EngineMaterials/DefaultDestructiblePhysicalMaterial.uasset" 473
"../../../Engine/Content/EngineMaterials/DefaultDestructiblePhysicalMaterial.uexp" 474
"../../../Engine/Content/EngineMaterials/DefaultDeferredDecalMaterial.uasset" 475
"../../../Engine/Content/EngineMaterials/DefaultDeferredDecalMaterial.uexp" 476
"../../../Engine/Content/EngineMaterials/DefaultBloomKernel.uasset" 477
"../../../Engine/Content/EngineMaterials/DefaultBloomKernel.uexp" 478
"../../../Engine/Content/EngineFonts/Faces/RobotoLight.uexp" 479
"../../../Engine/Content/EngineFonts/Faces/RobotoLight.uasset" 480
"../../../Engine/Content/EngineFonts/Faces/RobotoLight.ufont" 481
"../../../Engine/Content/EngineFonts/Faces/RobotoBold.uexp" 482
"../../../Engine/Content/EngineFonts/Faces/RobotoBold.uasset" 483
"../../../Engine/Content/EngineFonts/Faces/RobotoBold.ufont" 484
"../../../Engine/Content/EngineFonts/Faces/RobotoRegular.uexp" 485
"../../../Engine/Content/EngineFonts/Faces/RobotoRegular.uasset" 486
"../../../Engine/Content/EngineFonts/Faces/RobotoRegular.ufont" 487
"../../../Engine/Content/EngineFonts/Faces/DroidSansFallback.uexp" 488
"../../../Engine/Content/EngineFonts/Faces/DroidSansFallback.uasset" 489
"../../../Engine/Content/EngineFonts/Faces/DroidSansFallback.ufont" 490
"../../../Engine/Content/EngineFonts/Faces/RobotoItalic.uexp" 491
"../../../Engine/Content/EngineFonts/Faces/RobotoItalic.uasset" 492
"../../../Engine/Content/EngineFonts/Faces/RobotoItalic.ufont" 493
"../../../Engine/Content/EngineFonts/Faces/RobotoBoldItalic.uexp" 494
"../../../Engine/Content/EngineFonts/Faces/RobotoBoldItalic.uasset" 495
"../../../Engine/Content/EngineFonts/Faces/RobotoBoldItalic.ufont" 496
"../../../Engine/Content/EngineFonts/Roboto.uasset" 497
"../../../Engine/Content/EngineFonts/Roboto.uexp" 498
"../../../Engine/Content/Functions/Engine_MaterialFunctions02/Utility/CameraDirectionVector.uasset" 499
"../../../Engine/Content/Functions/Engine_MaterialFunctions02/Utility/CameraDirectionVector.uexp" 500
"../../../Engine/Content/EngineDebugMaterials/VolumeToRender.uasset" 501
"../../../Engine/Content/EngineDebugMaterials/VolumeToRender.uexp" 502
"../../../Engine/Content/EngineDebugMaterials/M_VolumeRenderSphereTracePP.uasset" 503
"../../../Engine/Content/EngineDebugMaterials/M_VolumeRenderSphereTracePP.uexp" 504
"../../../Engine/Content/EngineDebugMaterials/M_SimpleUnlitTranslucent.uasset" 505
"../../../Engine/Content/EngineDebugMaterials/M_SimpleUnlitTranslucent.uexp" 506
"../../../Engine/Content/EngineDebugMaterials/DebugMeshMaterial.uasset" 507
"../../../Engine/Content/EngineDebugMaterials/DebugMeshMaterial.uexp" 508
"../../../Engine/Content/EngineDebugMaterials/DebugEditorMaterial.uasset" 509
"../../../Engine/Content/EngineDebugMaterials/DebugEditorMaterial.uexp" 510
"../../../Engine/Content/EngineDamageTypes/DmgTypeBP_Environmental.uasset" 511
"../../../Engine/Content/EngineDamageTypes/DmgTypeBP_Environmental.uexp" 512
"../../../Engine/Content/EditorResources/S_Terrain.ubulk" 513
"../../../Engine/Content/EditorResources/S_Terrain.uasset" 514
"../../../Engine/Content/EditorResources/S_Terrain.uexp" 515
"../../../Engine/Content/EditorResources/EmptyActor.uasset" 516
"../../../Engine/Content/EditorResources/EmptyActor.uexp" 517
"../../../Engine/Content/EditorResources/BSPVertex.uasset" 518
"../../../Engine/Content/EditorResources/BSPVertex.uexp" 519
"../../../Engine/Content/EditorResources/SequenceRecorder/RecordingIndicator.uasset" 520
"../../../Engine/Content/EditorResources/SequenceRecorder/RecordingIndicator.uexp" 521
"../../../Engine/Content/EditorResources/SequenceRecorder/Countdown.uasset" 522
"../../../Engine/Content/EditorResources/SequenceRecorder/Countdown.uexp" 523
"../../../Engine/Content/EditorResources/LightIcons/S_LightError.uasset" 524
"../../../Engine/Content/EditorResources/LightIcons/S_LightError.uexp" 525
"../../../Engine/Content/EditorMaterials/PreviewShadowIndicator.ubulk" 526
"../../../Engine/Content/EditorMaterials/PreviewShadowIndicator.uasset" 527
"../../../Engine/Content/EditorMaterials/PreviewShadowIndicator.uexp" 528
"../../../Engine/Content/EditorMaterials/PreviewShadowIndicatorMaterial.uasset" 529
"../../../Engine/Content/EditorMaterials/PreviewShadowIndicatorMaterial.uexp" 530
"../../../Engine/Content/EditorMaterials/PhAT_UnselectedMaterial.uasset" 531
"../../../Engine/Content/EditorMaterials/PhAT_UnselectedMaterial.uexp" 532
"../../../Engine/Content/EditorMaterials/PhAT_NoCollisionMaterial.uasset" 533
"../../../Engine/Content/EditorMaterials/PhAT_NoCollisionMaterial.uexp" 534
"../../../Engine/Content/EditorLandscapeResources/DefaultAlphaTexture.uasset" 535
"../../../Engine/Content/EditorLandscapeResources/DefaultAlphaTexture.uexp" 536
"../../../Engine/Content/EditorLandscapeResources/DataLayer.uasset" 537
"../../../Engine/Content/EditorLandscapeResources/DataLayer.uexp" 538
"Z:/toon-tanks/Toon Tanks/Content/Assets/Effects/P_DeathEffect.uasset" 539
"Z:/toon-tanks/Toon Tanks/Content/Assets/Effects/P_DeathEffect.uexp" 540
"../../../Engine/Content/Functions/Engine_MaterialFunctions01/Shading/PowerToRoughness.uasset" 541
"../../../Engine/Content/Functions/Engine_MaterialFunctions01/Shading/PowerToRoughness.uexp" 542
"../../../Engine/Content/Functions/Engine_MaterialFunctions01/Shading/ConvertFromDiffSpec.uasset" 543
"../../../Engine/Content/Functions/Engine_MaterialFunctions01/Shading/ConvertFromDiffSpec.uexp" 544
"../../../Engine/Content/BasicShapes/Cube.uasset" 545
"../../../Engine/Content/BasicShapes/Cube.uexp" 546
"Z:/toon-tanks/Toon Tanks/Content/Assets/Meshes/SM_TowerTurret.uasset" 547
"Z:/toon-tanks/Toon Tanks/Content/Assets/Meshes/SM_TowerTurret.uexp" 548
"Z:/toon-tanks/Toon Tanks/Content/Assets/Meshes/SM_TowerBase.uasset" 549
"Z:/toon-tanks/Toon Tanks/Content/Assets/Meshes/SM_TowerBase.uexp" 550
"Z:/toon-tanks/Toon Tanks/Content/Blueprints/Pawns/BP_PawnTurret.uasset" 551
"Z:/toon-tanks/Toon Tanks/Content/Blueprints/Pawns/BP_PawnTurret.uexp" 552
"../../../Engine/Content/EngineSky/C_Sky_Horizon_Color.uasset" 553
"../../../Engine/Content/EngineSky/C_Sky_Horizon_Color.uexp" 554
"../../../Engine/Content/EngineSky/T_Sky_Stars.ubulk" 555
"../../../Engine/Content/EngineSky/T_Sky_Stars.uasset" 556
"../../../Engine/Content/EngineSky/T_Sky_Stars.uexp" 557
"../../../Engine/Content/EngineSky/T_Sky_Clouds_M.ubulk" 558
"../../../Engine/Content/EngineSky/T_Sky_Clouds_M.uasset" 559
"../../../Engine/Content/EngineSky/T_Sky_Clouds_M.uexp" 560
"../../../Engine/Content/EngineSky/T_Sky_Blue.ubulk" 561
"../../../Engine/Content/EngineSky/T_Sky_Blue.uasset" 562
"../../../Engine/Content/EngineSky/T_Sky_Blue.uexp" 563
"../../../Engine/Content/EngineSky/M_Sky_Panning_Clouds2.uasset" 564
"../../../Engine/Content/EngineSky/M_Sky_Panning_Clouds2.uexp" 565
"../../../Engine/Content/EngineSky/SM_SkySphere.uasset" 566
"../../../Engine/Content/EngineSky/SM_SkySphere.uexp" 567
"../../../Engine/Content/EngineSky/C_Sky_Cloud_Color.uasset" 568
"../../../Engine/Content/EngineSky/C_Sky_Cloud_Color.uexp" 569
"../../../Engine/Content/EngineSky/C_Sky_Zenith_Color.uasset" 570
"../../../Engine/Content/EngineSky/C_Sky_Zenith_Color.uexp" 571
"../../../Engine/Content/EditorBlueprintResources/StandardMacros.uasset" 572
"../../../Engine/Content/EditorBlueprintResources/StandardMacros.uexp" 573
"../../../Engine/Content/EngineSky/BP_Sky_Sphere.uasset" 574
"../../../Engine/Content/EngineSky/BP_Sky_Sphere.uexp" 575
"../../../Engine/Content/MapTemplates/SM_Template_Map_Floor.uasset" 576
"../../../Engine/Content/MapTemplates/SM_Template_Map_Floor.uexp" 577
"Z:/toon-tanks/Toon Tanks/Content/Assets/Textures/T_BasicGrid_M.ubulk" 578
"Z:/toon-tanks/Toon Tanks/Content/Assets/Textures/T_BasicGrid_M.uasset" 579
"Z:/toon-tanks/Toon Tanks/Content/Assets/Textures/T_BasicGrid_M.uexp" 580
"../../../Engine/Content/Functions/Engine_MaterialFunctions02/Utility/MakeFloat3.uasset" 581
"../../../Engine/Content/Functions/Engine_MaterialFunctions02/Utility/MakeFloat3.uexp" 582
"Z:/toon-tanks/Toon Tanks/Content/Assets/Materials/Functions/Basic/MakeSet.uasset" 583
"Z:/toon-tanks/Toon Tanks/Content/Assets/Materials/Functions/Basic/MakeSet.uexp" 584
"Z:/toon-tanks/Toon Tanks/Content/Assets/Materials/Functions/Basic/BreakSet.uasset" 585
"Z:/toon-tanks/Toon Tanks/Content/Assets/Materials/Functions/Basic/BreakSet.uexp" 586
"Z:/toon-tanks/Toon Tanks/Content/Assets/Materials/Functions/Texture/Tex_SimpleGrid.uasset" 587
"Z:/toon-tanks/Toon Tanks/Content/Assets/Materials/Functions/Texture/Tex_SimpleGrid.uexp" 588
"../../../Engine/Content/Functions/Engine_MaterialFunctions02/Utility/Sign.uasset" 589
"../../../Engine/Content/Functions/Engine_MaterialFunctions02/Utility/Sign.uexp" 590
"Z:/toon-tanks/Toon Tanks/Content/Assets/Textures/T_BasicGrid_N.ubulk" 591
"Z:/toon-tanks/Toon Tanks/Content/Assets/Textures/T_BasicGrid_N.uasset" 592
"Z:/toon-tanks/Toon Tanks/Content/Assets/Textures/T_BasicGrid_N.uexp" 593
"../../../Engine/Content/Functions/Engine_MaterialFunctions02/Utility/Round.uasset" 594
"../../../Engine/Content/Functions/Engine_MaterialFunctions02/Utility/Round.uexp" 595
"Z:/toon-tanks/Toon Tanks/Content/Assets/Materials/Functions/Texture/Dye_SingleColor.uasset" 596
"Z:/toon-tanks/Toon Tanks/Content/Assets/Materials/Functions/Texture/Dye_SingleColor.uexp" 597
"Z:/toon-tanks/Toon Tanks/Content/Assets/Materials/Functions/UV/UV_SetupGrid.uasset" 598
"Z:/toon-tanks/Toon Tanks/Content/Assets/Materials/Functions/UV/UV_SetupGrid.uexp" 599
"Z:/toon-tanks/Toon Tanks/Content/Assets/Materials/Functions/UV/UV_ObjectScalable.uasset" 600
"Z:/toon-tanks/Toon Tanks/Content/Assets/Materials/Functions/UV/UV_ObjectScalable.uexp" 601
"Z:/toon-tanks/Toon Tanks/Content/Assets/Materials/Base/M_GridBase.uasset" 602
"Z:/toon-tanks/Toon Tanks/Content/Assets/Materials/Base/M_GridBase.uexp" 603
"Z:/toon-tanks/Toon Tanks/Content/Assets/Materials/Base/M_Grid_Inst.uasset" 604
"Z:/toon-tanks/Toon Tanks/Content/Assets/Materials/Base/M_Grid_Inst.uexp" 605
"Z:/toon-tanks/Toon Tanks/Content/Maps/Screenshots.uexp" 606
"Z:/toon-tanks/Toon Tanks/Content/Maps/Screenshots.umap" 607
"Z:/toon-tanks/Toon Tanks/Content/Assets/Meshes/Cross.uasset" 608
"Z:/toon-tanks/Toon Tanks/Content/Assets/Meshes/Cross.uexp" 609
"Z:/toon-tanks/Toon Tanks/Content/Maps/Main_BuiltData.ubulk" 610
"Z:/toon-tanks/Toon Tanks/Content/Maps/Main_BuiltData.uasset" 611
"Z:/toon-tanks/Toon Tanks/Content/Maps/Main_BuiltData.uexp" 612
"../../../Engine/Content/BasicShapes/BasicShapeMaterial.uasset" 613
"../../../Engine/Content/BasicShapes/BasicShapeMaterial.uexp" 614
"Z:/toon-tanks/Toon Tanks/Content/Maps/Main.uexp" 615
"Z:/toon-tanks/Toon Tanks/Content/Maps/Main.umap" 616
"../../../Engine/Content/Maps/Entry_BuiltData.uasset" 617
"../../../Engine/Content/Maps/Entry_BuiltData.uexp" 618
"../../../Engine/Content/Maps/Entry.uexp" 619
"../../../Engine/Content/Maps/Entry.umap" 620
